[debug] [2019-12-02T00:43:04.179Z] ----------------------------------------------------------------------
[debug] [2019-12-02T00:43:04.190Z] Command:       C:\Program Files\nodejs\node.exe C:\Users\Kemosabe\AppData\Roaming\npm\node_modules\firebase-tools\lib\bin\firebase.js deploy
[debug] [2019-12-02T00:43:04.191Z] CLI Version:   7.6.2
[debug] [2019-12-02T00:43:04.191Z] Platform:      win32
[debug] [2019-12-02T00:43:04.191Z] Node Version:  v10.15.0
[debug] [2019-12-02T00:43:04.281Z] Time:          Mon Dec 02 2019 03:43:04 GMT+0300 (East Africa Time)
[debug] [2019-12-02T00:43:04.281Z] ----------------------------------------------------------------------
[debug] [2019-12-02T00:43:04.281Z] 
[debug] [2019-12-02T00:43:04.362Z] > command requires scopes: ["email","openid","https://www.googleapis.com/auth/cloudplatformprojects.readonly","https://www.googleapis.com/auth/firebase","https://www.googleapis.com/auth/cloud-platform"]
[debug] [2019-12-02T00:43:04.364Z] > authorizing via signed-in user
[debug] [2019-12-02T00:43:04.364Z] [iam] checking project kamagera-aa372 for permissions ["firebase.projects.get","firebasedatabase.instances.update","firebasehosting.sites.update","firebaserules.releases.create","firebaserules.releases.update","firebaserules.rulesets.create"]
[debug] [2019-12-02T00:43:04.369Z] > refreshing access token with scopes: ["email","https://www.googleapis.com/auth/cloud-platform","https://www.googleapis.com/auth/cloudplatformprojects.readonly","https://www.googleapis.com/auth/firebase","openid"]
[debug] [2019-12-02T00:43:04.370Z] >>> HTTP REQUEST POST https://www.googleapis.com/oauth2/v3/token  
 <request body omitted>
[debug] [2019-12-02T00:43:05.481Z] <<< HTTP RESPONSE 200
[debug] [2019-12-02T00:43:05.543Z] >>> HTTP REQUEST POST https://cloudresourcemanager.googleapis.com/v1/projects/kamagera-aa372:testIamPermissions  

[debug] [2019-12-02T00:43:07.476Z] <<< HTTP RESPONSE 200
[debug] [2019-12-02T00:43:07.520Z] >>> HTTP REQUEST GET https://firebase.googleapis.com/v1beta1/projects/kamagera-aa372  
 
[debug] [2019-12-02T00:43:08.218Z] <<< HTTP RESPONSE 200
[info] 
[info] === Deploying to 'kamagera-aa372'...
[info] 
[info] i  deploying database, storage, hosting
[info] i  database: checking rules syntax...
[debug] [2019-12-02T00:43:08.307Z] >>> HTTP REQUEST PUT https://kamagera-aa372.firebaseio.com/.settings/rules.json?dryRun=true  
 {
  /* Visit https://firebase.google.com/docs/database/security to learn more about security rules. */
  "rules": {
    ".read": true,
    ".write": true
  }
}
[debug] [2019-12-02T00:43:09.493Z] <<< HTTP RESPONSE 200
[info] +  database: rules syntax for database kamagera-aa372 is valid
[debug] [2019-12-02T00:43:09.495Z] >>> HTTP REQUEST GET https://appengine.googleapis.com/v1/apps/kamagera-aa372  
 
[debug] [2019-12-02T00:43:11.627Z] <<< HTTP RESPONSE 200
[info] i  storage: checking storage.rules for compilation errors...
[debug] [2019-12-02T00:43:11.649Z] >>> HTTP REQUEST POST https://firebaserules.googleapis.com/v1/projects/kamagera-aa372:test  

[debug] [2019-12-02T00:43:12.922Z] <<< HTTP RESPONSE 200
[info] +  storage: rules file storage.rules compiled successfully
[debug] [2019-12-02T00:43:12.926Z] >>> HTTP REQUEST POST https://firebasehosting.googleapis.com/v1beta1/sites/kamagera-aa372/versions  

[debug] [2019-12-02T00:43:15.978Z] <<< HTTP RESPONSE 200
[info] i  storage: uploading rules storage.rules...
[debug] [2019-12-02T00:43:15.987Z] >>> HTTP REQUEST POST https://firebaserules.googleapis.com/v1/projects/kamagera-aa372/rulesets  

[debug] [2019-12-02T00:43:58.139Z] Error: connect ETIMEDOUT 216.58.223.106:443
    at TCPConnectWrap.afterConnect [as oncomplete] (net.js:1117:14)
[error] 
[error] Error: Server Error. connect ETIMEDOUT 216.58.223.106:443
[debug] [2019-12-02T00:44:10.903Z] ----------------------------------------------------------------------
[debug] [2019-12-02T00:44:10.907Z] Command:       C:\Program Files\nodejs\node.exe C:\Users\Kemosabe\AppData\Roaming\npm\node_modules\firebase-tools\lib\bin\firebase.js deploy
[debug] [2019-12-02T00:44:10.907Z] CLI Version:   7.6.2
[debug] [2019-12-02T00:44:10.907Z] Platform:      win32
[debug] [2019-12-02T00:44:10.907Z] Node Version:  v10.15.0
[debug] [2019-12-02T00:44:10.909Z] Time:          Mon Dec 02 2019 03:44:10 GMT+0300 (East Africa Time)
[debug] [2019-12-02T00:44:10.909Z] ----------------------------------------------------------------------
[debug] [2019-12-02T00:44:10.909Z] 
[debug] [2019-12-02T00:44:10.944Z] > command requires scopes: ["email","openid","https://www.googleapis.com/auth/cloudplatformprojects.readonly","https://www.googleapis.com/auth/firebase","https://www.googleapis.com/auth/cloud-platform"]
[debug] [2019-12-02T00:44:10.959Z] > authorizing via signed-in user
[debug] [2019-12-02T00:44:10.959Z] [iam] checking project kamagera-aa372 for permissions ["firebase.projects.get","firebasedatabase.instances.update","firebasehosting.sites.update","firebaserules.releases.create","firebaserules.releases.update","firebaserules.rulesets.create"]
[debug] [2019-12-02T00:44:11.011Z] >>> HTTP REQUEST POST https://cloudresourcemanager.googleapis.com/v1/projects/kamagera-aa372:testIamPermissions  

[debug] [2019-12-02T00:44:32.622Z] Error: connect ETIMEDOUT 216.58.223.74:443
    at TCPConnectWrap.afterConnect [as oncomplete] (net.js:1117:14)
[error] 
[error] Error: Server Error. connect ETIMEDOUT 216.58.223.74:443
